<?xml version="1.0" encoding="UTF-8"?>
<testng-results ignored="0" total="1" passed="1" failed="0" skipped="0">
  <reporter-output>
    <line>
      <![CDATA[Total number of hotels in result is12]]>
    </line>
  </reporter-output>
  <suite started-at="2024-01-24T10:25:42 IST" name="Suite" finished-at="2024-01-24T10:26:22 IST" duration-ms="39457">
    <groups>
    </groups>
    <test started-at="2024-01-24T10:25:42 IST" name="Test" finished-at="2024-01-24T10:26:22 IST" duration-ms="39457">
      <class name="test.TC003_ResultCount">
        <test-method is-config="true" signature="beforeClass(java.lang.String,java.lang.String)[pri:0, instance:test.TC003_ResultCount@2034b64c]" started-at="2024-01-24T10:25:42 IST" name="beforeClass" finished-at="2024-01-24T10:25:58 IST" duration-ms="16007" status="PASS">
          <params>
            <param index="0">
              <value>
                <![CDATA[chrome]]>
              </value>
            </param>
            <param index="1">
              <value>
                <![CDATA[https://www.shopclues.com/]]>
              </value>
            </param>
          </params>
          <reporter-output>
          </reporter-output>
        </test-method> <!-- beforeClass -->
        <test-method is-config="true" signature="beforeClass()[pri:0, instance:test.TC003_ResultCount@2034b64c]" started-at="2024-01-24T10:25:58 IST" name="beforeClass" finished-at="2024-01-24T10:25:58 IST" duration-ms="3" status="PASS">
          <reporter-output>
          </reporter-output>
        </test-method> <!-- beforeClass -->
        <test-method signature="searchItem(java.lang.String)[pri:0, instance:test.TC003_ResultCount@2034b64c]" started-at="2024-01-24T10:25:58 IST" name="searchItem" finished-at="2024-01-24T10:26:21 IST" duration-ms="22182" status="PASS">
          <params>
            <param index="0">
              <value>
                <![CDATA[Badminton Raquet]]>
              </value>
            </param>
          </params>
          <reporter-output>
            <line>
              <![CDATA[Total number of hotels in result is12]]>
            </line>
          </reporter-output>
        </test-method> <!-- searchItem -->
        <test-method is-config="true" signature="afterClasst()[pri:0, instance:test.TC003_ResultCount@2034b64c]" started-at="2024-01-24T10:26:21 IST" name="afterClasst" finished-at="2024-01-24T10:26:22 IST" duration-ms="1223" status="PASS">
          <reporter-output>
          </reporter-output>
        </test-method> <!-- afterClasst -->
      </class> <!-- test.TC003_ResultCount -->
    </test> <!-- Test -->
  </suite> <!-- Suite -->
</testng-results>
